<?xml version="1.0" encoding="UTF-8"?>
<testsuite name="Example5SpyingTest" tests="2" skipped="0" failures="0" errors="0" timestamp="2025-06-04T07:11:15" hostname="JJ62KR6392" time="0.011">
  <properties/>
  <testcase name="testSpyingOnFunction()" classname="Example5SpyingTest" time="0.009"/>
  <testcase name="testSpyingOnPrivateFunction()" classname="Example5SpyingTest" time="0.002"/>
  <system-out><![CDATA[]]></system-out>
  <system-err><![CDATA[]]></system-err>
</testsuite>
