<?xml version="1.0" encoding="UTF-8"?>
<testsuite name="Example5SpyingTest" tests="1" skipped="0" failures="0" errors="0" timestamp="2021-10-02T10:15:13" hostname="DESKTOP-473A5QG" time="1.699">
  <properties/>
  <testcase name="testSpyingOnPrivateFunction()" classname="Example5SpyingTest" time="1.699"/>
  <system-out><![CDATA[]]></system-out>
  <system-err><![CDATA[]]></system-err>
</testsuite>
