<?xml version="1.0" encoding="UTF-8"?>
<testsuite name="Example5SpyingTest" tests="2" skipped="0" failures="0" errors="0" timestamp="2025-06-04T06:58:05" hostname="JJ62KR6392" time="0.012">
  <properties/>
  <testcase name="testSpyingOnFunction()" classname="Example5SpyingTest" time="0.009"/>
  <testcase name="testSpyingOnPrivateFunction()" classname="Example5SpyingTest" time="0.003"/>
  <system-out><![CDATA[]]></system-out>
  <system-err><![CDATA[]]></system-err>
</testsuite>
