<?xml version="1.0" encoding="UTF-8"?>
<testsuite name="Example2MultilevelMockTest" tests="1" skipped="0" failures="0" errors="0" timestamp="2025-06-04T06:58:05" hostname="JJ62KR6392" time="0.04">
  <properties/>
  <testcase name="doSomethingHardSomewhereElse()" classname="Example2MultilevelMockTest" time="0.04"/>
  <system-out><![CDATA[]]></system-out>
  <system-err><![CDATA[]]></system-err>
</testsuite>
