<?xml version="1.0" encoding="UTF-8"?>
<testsuite name="Example9SpyingWithoutStubbingTest" tests="3" skipped="0" failures="0" errors="0" timestamp="2025-06-04T06:58:05" hostname="JJ62KR6392" time="0.018">
  <properties/>
  <testcase name="testAddTwoToIntInAWastefulWayAgain()" classname="Example9SpyingWithoutStubbingTest" time="0.015"/>
  <testcase name="testAddTwoToInt()" classname="Example9SpyingWithoutStubbingTest" time="0.001"/>
  <testcase name="testAddTwoToIntInAWastefulWay()" classname="Example9SpyingWithoutStubbingTest" time="0.001"/>
  <system-out><![CDATA[]]></system-out>
  <system-err><![CDATA[]]></system-err>
</testsuite>
