<?xml version="1.0" encoding="UTF-8"?>
<testsuite name="Example6CapturingTest" tests="1" skipped="0" failures="0" errors="0" timestamp="2025-06-04T07:11:15" hostname="JJ62KR6392" time="0.117">
  <properties/>
  <testcase name="storeDataAndTellTheExternalDependency()" classname="Example6CapturingTest" time="0.117"/>
  <system-out><![CDATA[]]></system-out>
  <system-err><![CDATA[]]></system-err>
</testsuite>
